<?xml version="1.0" encoding="UTF-8"?>
<!-- Generated by org.testng.reporters.JUnitXMLReporter -->
<testsuite ignored="0" hostname="Muhil" failures="0" tests="5" name="Test" time="55.103" errors="0" timestamp="2026-02-25T18:57:49 IST">
  <testcase classname="testCase.TC003_DDT_Login" name="verifyDDTLogin" time="2.9"/>
  <testcase classname="testCase.TC003_DDT_Login" name="verifyDDTLogin" time="11.631"/>
  <testcase classname="testCase.TC003_DDT_Login" name="verifyDDTLogin" time="11.034"/>
  <testcase classname="testCase.TC003_DDT_Login" name="verifyDDTLogin" time="11.754"/>
  <testcase classname="testCase.TC003_DDT_Login" name="verifyDDTLogin" time="2.157"/>
</testsuite> <!-- Test -->
