<?xml version="1.0" encoding="UTF-8"?>
<!-- Generated by org.testng.reporters.JUnitXMLReporter -->
<testsuite ignored="0" hostname="Muhil" failures="0" tests="4" name="Test(failed)" time="43.986" errors="0" timestamp="2026-02-25T15:46:52 IST">
  <testcase classname="testCase.TC003_DDT_Login" name="verifyDDTLogin" time="12.098"/>
  <testcase classname="testCase.TC003_DDT_Login" name="verifyDDTLogin" time="11.81"/>
  <testcase classname="testCase.TC003_DDT_Login" name="verifyDDTLogin" time="11.431"/>
  <testcase classname="testCase.TC003_DDT_Login" name="verifyDDTLogin" time="1.751"/>
</testsuite> <!-- Test(failed) -->
