<?xml version="1.0" encoding="UTF-8"?>
<testng-results ignored="0" total="5" passed="5" failed="0" skipped="0">
  <reporter-output>
  </reporter-output>
  <suite started-at="2026-02-25T18:56:53 IST" name="MasterSuite" finished-at="2026-02-25T18:57:48 IST" duration-ms="55103">
    <groups>
      <group name="DataDriven">
        <method signature="TC003_DDT_Login.verifyDDTLogin(java.lang.String,java.lang.String,java.lang.String)[pri:0, instance:testCase.TC003_DDT_Login@2d7275fc]" name="verifyDDTLogin" class="testCase.TC003_DDT_Login"/>
      </group> <!-- DataDriven -->
    </groups>
    <test started-at="2026-02-25T18:56:53 IST" name="Test" finished-at="2026-02-25T18:57:48 IST" duration-ms="55103">
      <class name="testCase.TC003_DDT_Login">
        <test-method is-config="true" signature="setUp(java.lang.String,java.lang.String)[pri:0, instance:testCase.TC003_DDT_Login@2d7275fc]" started-at="2026-02-25T18:56:53 IST" name="setUp" finished-at="2026-02-25T18:57:04 IST" duration-ms="11378" status="PASS">
          <params>
            <param index="0">
              <value>
                <![CDATA[Windows]]>
              </value>
            </param>
            <param index="1">
              <value>
                <![CDATA[chrome]]>
              </value>
            </param>
          </params>
          <reporter-output>
          </reporter-output>
        </test-method> <!-- setUp -->
        <test-method signature="verifyDDTLogin(java.lang.String,java.lang.String,java.lang.String)[pri:0, instance:testCase.TC003_DDT_Login@2d7275fc]" started-at="2026-02-25T18:57:07 IST" name="verifyDDTLogin" data-provider="LoginData" finished-at="2026-02-25T18:57:10 IST" duration-ms="2900" status="PASS">
          <params>
            <param index="0">
              <value>
                <![CDATA[sibi2003@gmail.com]]>
              </value>
            </param>
            <param index="1">
              <value>
                <![CDATA[Sibi2003]]>
              </value>
            </param>
            <param index="2">
              <value>
                <![CDATA[Valid]]>
              </value>
            </param>
          </params>
          <reporter-output>
          </reporter-output>
        </test-method> <!-- verifyDDTLogin -->
        <test-method signature="verifyDDTLogin(java.lang.String,java.lang.String,java.lang.String)[pri:0, instance:testCase.TC003_DDT_Login@2d7275fc]" started-at="2026-02-25T18:57:10 IST" name="verifyDDTLogin" data-provider="LoginData" finished-at="2026-02-25T18:57:22 IST" duration-ms="11631" status="PASS">
          <params>
            <param index="0">
              <value>
                <![CDATA[lakshmi@yahoo.com]]>
              </value>
            </param>
            <param index="1">
              <value>
                <![CDATA[Lakshmi]]>
              </value>
            </param>
            <param index="2">
              <value>
                <![CDATA[Invalid]]>
              </value>
            </param>
          </params>
          <reporter-output>
          </reporter-output>
        </test-method> <!-- verifyDDTLogin -->
        <test-method signature="verifyDDTLogin(java.lang.String,java.lang.String,java.lang.String)[pri:0, instance:testCase.TC003_DDT_Login@2d7275fc]" started-at="2026-02-25T18:57:22 IST" name="verifyDDTLogin" data-provider="LoginData" finished-at="2026-02-25T18:57:33 IST" duration-ms="11034" status="PASS">
          <params>
            <param index="0">
              <value>
                <![CDATA[lakh@yahoo.com]]>
              </value>
            </param>
            <param index="1">
              <value>
                <![CDATA[Lakshmi]]>
              </value>
            </param>
            <param index="2">
              <value>
                <![CDATA[Invalid]]>
              </value>
            </param>
          </params>
          <reporter-output>
          </reporter-output>
        </test-method> <!-- verifyDDTLogin -->
        <test-method signature="verifyDDTLogin(java.lang.String,java.lang.String,java.lang.String)[pri:0, instance:testCase.TC003_DDT_Login@2d7275fc]" started-at="2026-02-25T18:57:33 IST" name="verifyDDTLogin" data-provider="LoginData" finished-at="2026-02-25T18:57:45 IST" duration-ms="11754" status="PASS">
          <params>
            <param index="0">
              <value>
                <![CDATA[abi@yahoo.com]]>
              </value>
            </param>
            <param index="1">
              <value>
                <![CDATA[xyz]]>
              </value>
            </param>
            <param index="2">
              <value>
                <![CDATA[Invalid]]>
              </value>
            </param>
          </params>
          <reporter-output>
          </reporter-output>
        </test-method> <!-- verifyDDTLogin -->
        <test-method signature="verifyDDTLogin(java.lang.String,java.lang.String,java.lang.String)[pri:0, instance:testCase.TC003_DDT_Login@2d7275fc]" started-at="2026-02-25T18:57:45 IST" name="verifyDDTLogin" data-provider="LoginData" finished-at="2026-02-25T18:57:47 IST" duration-ms="2157" status="PASS">
          <params>
            <param index="0">
              <value>
                <![CDATA[abc123@gmail.com]]>
              </value>
            </param>
            <param index="1">
              <value>
                <![CDATA[test@123]]>
              </value>
            </param>
            <param index="2">
              <value>
                <![CDATA[Valid]]>
              </value>
            </param>
          </params>
          <reporter-output>
          </reporter-output>
        </test-method> <!-- verifyDDTLogin -->
        <test-method is-config="true" signature="tearDown()[pri:0, instance:testCase.TC003_DDT_Login@2d7275fc]" started-at="2026-02-25T18:57:47 IST" name="tearDown" finished-at="2026-02-25T18:57:48 IST" duration-ms="865" status="PASS">
          <reporter-output>
          </reporter-output>
        </test-method> <!-- tearDown -->
      </class> <!-- testCase.TC003_DDT_Login -->
    </test> <!-- Test -->
  </suite> <!-- MasterSuite -->
</testng-results>
