<?xml version="1.0" encoding="UTF-8"?>
<testng-results ignored="0" total="4" passed="4" failed="0" skipped="0">
  <reporter-output>
  </reporter-output>
  <suite started-at="2026-02-25T15:46:08 IST" name="Failed suite [MasterSuite]" finished-at="2026-02-25T15:46:52 IST" duration-ms="43986">
    <groups>
      <group name="DataDriven">
        <method signature="TC003_DDT_Login.verifyDDTLogin(java.lang.String,java.lang.String,java.lang.String)[pri:0, instance:testCase.TC003_DDT_Login@477b4cdf]" name="verifyDDTLogin" class="testCase.TC003_DDT_Login"/>
      </group> <!-- DataDriven -->
    </groups>
    <test started-at="2026-02-25T15:46:08 IST" name="Test(failed)" finished-at="2026-02-25T15:46:52 IST" duration-ms="43986">
      <class name="testCase.TC003_DDT_Login">
        <test-method is-config="true" signature="setUp(java.lang.String,java.lang.String)[pri:0, instance:testCase.TC003_DDT_Login@477b4cdf]" started-at="2026-02-25T15:46:08 IST" name="setUp" finished-at="2026-02-25T15:46:12 IST" duration-ms="4311" status="PASS">
          <params>
            <param index="0">
              <value>
                <![CDATA[Windows]]>
              </value>
            </param>
            <param index="1">
              <value>
                <![CDATA[chrome]]>
              </value>
            </param>
          </params>
          <reporter-output>
          </reporter-output>
        </test-method> <!-- setUp -->
        <test-method signature="verifyDDTLogin(java.lang.String,java.lang.String,java.lang.String)[pri:0, instance:testCase.TC003_DDT_Login@477b4cdf]" started-at="2026-02-25T15:46:14 IST" name="verifyDDTLogin" data-provider="LoginData" finished-at="2026-02-25T15:46:26 IST" duration-ms="12098" status="PASS">
          <params>
            <param index="0">
              <value>
                <![CDATA[lakshmi@yahoo.com]]>
              </value>
            </param>
            <param index="1">
              <value>
                <![CDATA[Lakshmi]]>
              </value>
            </param>
            <param index="2">
              <value>
                <![CDATA[Invalid]]>
              </value>
            </param>
          </params>
          <reporter-output>
          </reporter-output>
        </test-method> <!-- verifyDDTLogin -->
        <test-method signature="verifyDDTLogin(java.lang.String,java.lang.String,java.lang.String)[pri:0, instance:testCase.TC003_DDT_Login@477b4cdf]" started-at="2026-02-25T15:46:26 IST" name="verifyDDTLogin" data-provider="LoginData" finished-at="2026-02-25T15:46:38 IST" duration-ms="11810" status="PASS">
          <params>
            <param index="0">
              <value>
                <![CDATA[lakh@yahoo.com]]>
              </value>
            </param>
            <param index="1">
              <value>
                <![CDATA[Lakshmi]]>
              </value>
            </param>
            <param index="2">
              <value>
                <![CDATA[Invalid]]>
              </value>
            </param>
          </params>
          <reporter-output>
          </reporter-output>
        </test-method> <!-- verifyDDTLogin -->
        <test-method signature="verifyDDTLogin(java.lang.String,java.lang.String,java.lang.String)[pri:0, instance:testCase.TC003_DDT_Login@477b4cdf]" started-at="2026-02-25T15:46:38 IST" name="verifyDDTLogin" data-provider="LoginData" finished-at="2026-02-25T15:46:50 IST" duration-ms="11431" status="PASS">
          <params>
            <param index="0">
              <value>
                <![CDATA[abi@yahoo.com]]>
              </value>
            </param>
            <param index="1">
              <value>
                <![CDATA[xyz]]>
              </value>
            </param>
            <param index="2">
              <value>
                <![CDATA[Invalid]]>
              </value>
            </param>
          </params>
          <reporter-output>
          </reporter-output>
        </test-method> <!-- verifyDDTLogin -->
        <test-method signature="verifyDDTLogin(java.lang.String,java.lang.String,java.lang.String)[pri:0, instance:testCase.TC003_DDT_Login@477b4cdf]" started-at="2026-02-25T15:46:50 IST" name="verifyDDTLogin" data-provider="LoginData" finished-at="2026-02-25T15:46:51 IST" duration-ms="1751" status="PASS">
          <params>
            <param index="0">
              <value>
                <![CDATA[abc123@gmail.com]]>
              </value>
            </param>
            <param index="1">
              <value>
                <![CDATA[test@123]]>
              </value>
            </param>
            <param index="2">
              <value>
                <![CDATA[Valid]]>
              </value>
            </param>
          </params>
          <reporter-output>
          </reporter-output>
        </test-method> <!-- verifyDDTLogin -->
        <test-method is-config="true" signature="tearDown()[pri:0, instance:testCase.TC003_DDT_Login@477b4cdf]" started-at="2026-02-25T15:46:51 IST" name="tearDown" finished-at="2026-02-25T15:46:52 IST" duration-ms="510" status="PASS">
          <reporter-output>
          </reporter-output>
        </test-method> <!-- tearDown -->
      </class> <!-- testCase.TC003_DDT_Login -->
    </test> <!-- Test(failed) -->
  </suite> <!-- Failed suite [MasterSuite] -->
</testng-results>
