<?xml version="1.0" encoding="UTF-8"?>
<!-- Generated by org.testng.reporters.JUnitReportReporter -->
<testsuite hostname="Muhil" failures="0" tests="4" name="testCase.TC003_DDT_Login" time="37.090" errors="0" timestamp="2026-02-25T15:46:52 IST" skipped="0">
  <testcase classname="testCase.TC003_DDT_Login" name="verifyDDTLogin" time="11.810"/>
  <testcase classname="testCase.TC003_DDT_Login" name="verifyDDTLogin" time="11.431"/>
  <testcase classname="testCase.TC003_DDT_Login" name="verifyDDTLogin" time="12.098"/>
  <testcase classname="testCase.TC003_DDT_Login" name="verifyDDTLogin" time="1.751"/>
</testsuite> <!-- testCase.TC003_DDT_Login -->
