<?xml version="1.0" encoding="UTF-8"?>
<!-- Generated by org.testng.reporters.JUnitReportReporter -->
<testsuite hostname="Muhil" failures="0" tests="5" name="testCase.TC003_DDT_Login" time="39.476" errors="0" timestamp="2026-02-25T18:57:49 IST" skipped="0">
  <testcase classname="testCase.TC003_DDT_Login" name="verifyDDTLogin" time="11.631"/>
  <testcase classname="testCase.TC003_DDT_Login" name="verifyDDTLogin" time="2.157"/>
  <testcase classname="testCase.TC003_DDT_Login" name="verifyDDTLogin" time="11.754"/>
  <testcase classname="testCase.TC003_DDT_Login" name="verifyDDTLogin" time="11.034"/>
  <testcase classname="testCase.TC003_DDT_Login" name="verifyDDTLogin" time="2.900"/>
</testsuite> <!-- testCase.TC003_DDT_Login -->
